<?xml version="1.0" encoding="UTF-8"?>
<testng-results ignored="0" total="1" passed="1" failed="0" skipped="0">
  <reporter-output>
  </reporter-output>
  <suite started-at="2024-08-26T11:10:33Z" name="Default suite" finished-at="2024-08-26T11:10:39Z" duration-ms="6081">
    <groups>
    </groups>
    <test started-at="2024-08-26T11:10:33Z" name="Default test" finished-at="2024-08-26T11:10:39Z" duration-ms="6081">
      <class name="testScriptForTestCase.RegisterTest">
        <test-method is-config="true" signature="configBeforeMethod()[pri:0, instance:testScriptForTestCase.RegisterTest@6057aebb]" started-at="2024-08-26T11:10:33Z" name="configBeforeMethod" finished-at="2024-08-26T11:10:38Z" duration-ms="5293" status="PASS">
          <reporter-output>
          </reporter-output>
        </test-method> <!-- configBeforeMethod -->
        <test-method signature="createAccountwithOnly2Char()[pri:0, instance:testScriptForTestCase.RegisterTest@6057aebb]" started-at="2024-08-26T11:10:38Z" name="createAccountwithOnly2Char" finished-at="2024-08-26T11:10:39Z" duration-ms="749" status="PASS">
          <reporter-output>
          </reporter-output>
        </test-method> <!-- createAccountwithOnly2Char -->
      </class> <!-- testScriptForTestCase.RegisterTest -->
    </test> <!-- Default test -->
  </suite> <!-- Default suite -->
</testng-results>
